<?xml version="1.0" encoding="UTF-8"?>
<!-- Generated by org.testng.reporters.JUnitXMLReporter -->
<testsuite ignored="0" hostname="Bujuku" failures="0" tests="5" name="REST APIs" time="2.941" errors="0" timestamp="2024-01-25T12:12:44 IST">
  <testcase classname="com.simplilearn.restassuredtest.AddProduct" name="testAddProduct" time="2.654"/>
  <testcase classname="com.simplilearn.restassuredtest.DeleteProduct" name="testDeleteProduct" time="0.075"/>
  <testcase classname="com.simplilearn.restassuredtest.RetrieveAllProducts" name="testGetProduct" time="0.054"/>
  <testcase classname="com.simplilearn.restassuredtest.RetrieveAllUsers" name="testGetusers" time="0.048"/>
  <testcase classname="com.simplilearn.restassuredtest.UpdateProduct" name="testGetProduct" time="0.044"/>
</testsuite> <!-- REST APIs -->
