<?xml version="1.0" encoding="UTF-8"?>
<!-- Generated by org.testng.reporters.JUnitXMLReporter -->
<testsuite ignored="0" hostname="Bujuku" failures="0" tests="3" name="Default test" time="9.238" errors="0" timestamp="2024-01-25T12:02:56 IST">
  <testcase classname="com.simplilearn.selenium.AddToCartTest" name="addCartPageTest" time="6.696"/>
  <testcase classname="com.simplilearn.selenium.AddToCartTest" name="addCartPageSOurceUrlTest" time="0.015"/>
  <testcase classname="com.simplilearn.selenium.AddToCartTest" name="homePageTitleTest" time="0.014"/>
</testsuite> <!-- Default test -->
